<?xml version="1.0" encoding="UTF-8"?>
<!-- Generated by org.testng.reporters.JUnitReportReporter -->
<testsuite skipped="0" hostname="DESKTOP-6AV0D6J" name="tests.Temp" tests="1" failures="0" timestamp="2020-03-22T01:45:56 ICT" time="58.697" errors="0">
  <testcase name="Temp" time="58.697" classname="tests.Temp"/>
  <system-out/>
</testsuite> <!-- tests.Temp -->
