<?xml version="1.0" encoding="UTF-8"?>
<!-- Generated by org.testng.reporters.JUnitReportReporter -->
<testsuite skipped="0" hostname="SERVER154" name="smoketests.ATagsTest" tests="1" failures="0" timestamp="2020-03-04T13:54:36 ICT" time="5.925" errors="0">
  <testcase name="loginElementsPresentTest" time="5.925" classname="smoketests.ATagsTest"/>
</testsuite> <!-- smoketests.ATagsTest -->
