<?xml version="1.0" encoding="UTF-8"?>
<!-- Generated by org.testng.reporters.JUnitReportReporter -->
<testsuite skipped="0" hostname="DESKTOP-6AV0D6J" name="tests.WorkspaceEWC2" tests="1" failures="0" timestamp="2020-03-22T16:24:08 ICT" time="29.559" errors="0">
  <testcase name="EWC" time="29.559" classname="tests.WorkspaceEWC2"/>
  <system-out/>
</testsuite> <!-- tests.WorkspaceEWC2 -->
