<?xml version="1.0" encoding="UTF-8"?>
<!-- Generated by org.testng.reporters.JUnitReportReporter -->
<testsuite skipped="0" hostname="SERVER154" name="smoketests.loginPresentTestNG" tests="2" failures="0" timestamp="2020-03-04T13:54:36 ICT" time="9.071" errors="0">
  <testcase name="loginElementsPresentTest" time="4.668" classname="smoketests.loginPresentTestNG"/>
  <testcase name="loginElementsPresentTest" time="4.403" classname="smoketests.loginPresentTestNG"/>
</testsuite> <!-- smoketests.loginPresentTestNG -->
