<?xml version="1.0" encoding="UTF-8"?>
<!-- Generated by org.testng.reporters.JUnitReportReporter -->
<testsuite skipped="0" hostname="SERVER154" name="tests.LoginDDT" tests="4" failures="0" timestamp="2020-03-10T09:35:33 ICT" time="31.743" errors="0">
  <testcase name="loginTest" time="8.717" classname="tests.LoginDDT"/>
  <testcase name="loginTest" time="8.499" classname="tests.LoginDDT"/>
  <testcase name="loginTest" time="7.507" classname="tests.LoginDDT"/>
  <testcase name="loginTest" time="7.020" classname="tests.LoginDDT"/>
</testsuite> <!-- tests.LoginDDT -->
