<?xml version="1.0" encoding="UTF-8"?>
<!-- Generated by org.testng.reporters.JUnitReportReporter -->
<testsuite skipped="0" hostname="SERVER154" name="tests.WorkspaceEWC2" tests="1" failures="0" timestamp="2020-03-17T08:59:39 ICT" time="18.412" errors="0">
  <testcase name="EWC" time="18.412" classname="tests.WorkspaceEWC2"/>
</testsuite> <!-- tests.WorkspaceEWC2 -->
